2019-09-27 18:19:04: == Sync Started by User Command
2019-09-27 18:19:04: Create Folder 'F:/GitHub/bootcamp/.git/objects/00'
2019-09-27 18:19:04: Create Folder 'F:/GitHub/bootcamp/.git/objects/05'
2019-09-27 18:19:04: Create Folder 'F:/GitHub/bootcamp/.git/objects/3f'
2019-09-27 18:19:04: Create Folder 'F:/GitHub/bootcamp/.git/objects/83'
2019-09-27 18:19:04: Create Folder 'F:/GitHub/bootcamp/.git/objects/d1'
2019-09-27 18:19:04: Create Folder 'F:/GitHub/bootcamp/.git/objects/e2'
2019-09-27 18:19:04: Create Folder 'F:/GitHub/bootcamp/notebooks/D5_L1_kNeighbors'
2019-09-27 18:19:04: Create Folder 'F:/GitHub/bootcamp/notebooks/D5_L2_Kernel_Density_Estimation'
2019-09-27 18:19:04: Create Folder 'F:/GitHub/bootcamp/notebooks/D5_L3_Logistic_Regression'
2019-09-27 18:19:04: Create Folder 'F:/GitHub/bootcamp/notebooks/D5_L3_Logistic_Regression/data'
2019-09-27 18:19:04: Create Folder 'F:/GitHub/bootcamp/notebooks/D5_L3_Logistic_Regression/figures'
2019-09-27 18:19:04: Create Folder 'F:/GitHub/bootcamp/notebooks/D5_L4_Artificial_Neural_Network'
2019-09-27 18:19:04: Create Folder 'F:/GitHub/bootcamp/notebooks/D5_L4_Artificial_Neural_Network/figures'
2019-09-27 18:19:04: Copy Over 'C:/Users/Dr PFR/Documents/GitHub/dsbc2020/bootcamp/.git/COMMIT_EDITMSG' -> 'F:/GitHub/bootcamp/.git/COMMIT_EDITMSG' (6)
2019-09-27 18:19:04: Copy Over 'C:/Users/Dr PFR/Documents/GitHub/dsbc2020/bootcamp/.git/FETCH_HEAD' -> 'F:/GitHub/bootcamp/.git/FETCH_HEAD' (98)
2019-09-27 18:19:04: Copy Over 'C:/Users/Dr PFR/Documents/GitHub/dsbc2020/bootcamp/.git/index' -> 'F:/GitHub/bootcamp/.git/index' (44,651)
2019-09-27 18:19:04: Copy Over 'C:/Users/Dr PFR/Documents/GitHub/dsbc2020/bootcamp/.git/logs/HEAD' -> 'F:/GitHub/bootcamp/.git/logs/HEAD' (4,347)
2019-09-27 18:19:04: Copy Over 'C:/Users/Dr PFR/Documents/GitHub/dsbc2020/bootcamp/.git/logs/refs/heads/master' -> 'F:/GitHub/bootcamp/.git/logs/refs/heads/master' (4,347)
2019-09-27 18:19:04: Copy Over 'C:/Users/Dr PFR/Documents/GitHub/dsbc2020/bootcamp/.git/logs/refs/remotes/origin/master' -> 'F:/GitHub/bootcamp/.git/logs/refs/remotes/origin/master' (3,799)
2019-09-27 18:19:04: Copy New 'C:/Users/Dr PFR/Documents/GitHub/dsbc2020/bootcamp/.git/objects/00/78679f65731175a47193085aaf1ca43dca14df' -> 'F:/GitHub/bootcamp/.git/objects/00/78679f65731175a47193085aaf1ca43dca14df' (316)
2019-09-27 18:19:04: Copy New 'C:/Users/Dr PFR/Documents/GitHub/dsbc2020/bootcamp/.git/objects/02/49af902333de8ed12d3388b727c8795809665f' -> 'F:/GitHub/bootcamp/.git/objects/02/49af902333de8ed12d3388b727c8795809665f' (203)
2019-09-27 18:19:04: Copy New 'C:/Users/Dr PFR/Documents/GitHub/dsbc2020/bootcamp/.git/objects/05/87a49dc7c0bb3cbae74eac8d4dc4adb191019b' -> 'F:/GitHub/bootcamp/.git/objects/05/87a49dc7c0bb3cbae74eac8d4dc4adb191019b' (168)
2019-09-27 18:19:05: Copy New 'C:/Users/Dr PFR/Documents/GitHub/dsbc2020/bootcamp/.git/objects/06/9e466c68358b8b2419388bc267c21f749cbafc' -> 'F:/GitHub/bootcamp/.git/objects/06/9e466c68358b8b2419388bc267c21f749cbafc' (92,965)
2019-09-27 18:19:05: Copy New 'C:/Users/Dr PFR/Documents/GitHub/dsbc2020/bootcamp/.git/objects/08/66e3060c363230a98a1aafe12d3f99378423b7' -> 'F:/GitHub/bootcamp/.git/objects/08/66e3060c363230a98a1aafe12d3f99378423b7' (167)
2019-09-27 18:19:05: Copy New 'C:/Users/Dr PFR/Documents/GitHub/dsbc2020/bootcamp/.git/objects/0c/226bfecb0d17d79b049687a51593d765d21ac6' -> 'F:/GitHub/bootcamp/.git/objects/0c/226bfecb0d17d79b049687a51593d765d21ac6' (89)
2019-09-27 18:19:05: Copy New 'C:/Users/Dr PFR/Documents/GitHub/dsbc2020/bootcamp/.git/objects/0f/0b0b46cf68f454ef20635c37b09ff6b2959a83' -> 'F:/GitHub/bootcamp/.git/objects/0f/0b0b46cf68f454ef20635c37b09ff6b2959a83' (107)
2019-09-27 18:19:05: Copy New 'C:/Users/Dr PFR/Documents/GitHub/dsbc2020/bootcamp/.git/objects/26/18966daf85f6cb2c0cebbcc02936e7c8cdaa45' -> 'F:/GitHub/bootcamp/.git/objects/26/18966daf85f6cb2c0cebbcc02936e7c8cdaa45' (140)
2019-09-27 18:19:05: Copy New 'C:/Users/Dr PFR/Documents/GitHub/dsbc2020/bootcamp/.git/objects/26/d16b82782ecccc40acdcf11344b42a83d26982' -> 'F:/GitHub/bootcamp/.git/objects/26/d16b82782ecccc40acdcf11344b42a83d26982' (6,845)
2019-09-27 18:19:05: Copy Over 'C:/Users/Dr PFR/Documents/GitHub/dsbc2020/bootcamp/.git/objects/30/057c2d1a3b91a89a28913b3959d30f0ce15f06' -> 'F:/GitHub/bootcamp/.git/objects/30/057c2d1a3b91a89a28913b3959d30f0ce15f06' (30,726)
2019-09-27 18:19:05: Copy New 'C:/Users/Dr PFR/Documents/GitHub/dsbc2020/bootcamp/.git/objects/30/b67bf97b5e6c9dfdd2a89328352e49d61c7e08' -> 'F:/GitHub/bootcamp/.git/objects/30/b67bf97b5e6c9dfdd2a89328352e49d61c7e08' (316)
2019-09-27 18:19:05: Copy New 'C:/Users/Dr PFR/Documents/GitHub/dsbc2020/bootcamp/.git/objects/3a/51a8cb2cb794f935eac72b29211554084fc7fb' -> 'F:/GitHub/bootcamp/.git/objects/3a/51a8cb2cb794f935eac72b29211554084fc7fb' (2,389)
2019-09-27 18:19:05: Copy New 'C:/Users/Dr PFR/Documents/GitHub/dsbc2020/bootcamp/.git/objects/3d/225b59388b6fc98c5803984fc889285fdf7069' -> 'F:/GitHub/bootcamp/.git/objects/3d/225b59388b6fc98c5803984fc889285fdf7069' (100)
2019-09-27 18:19:05: Copy New 'C:/Users/Dr PFR/Documents/GitHub/dsbc2020/bootcamp/.git/objects/3f/5b4587b9d456212e676c059d8ad02140691d47' -> 'F:/GitHub/bootcamp/.git/objects/3f/5b4587b9d456212e676c059d8ad02140691d47' (10,285)
2019-09-27 18:19:05: Copy New 'C:/Users/Dr PFR/Documents/GitHub/dsbc2020/bootcamp/.git/objects/4d/fa5cd3ef20805c63319ef2f32eedee9fd703cb' -> 'F:/GitHub/bootcamp/.git/objects/4d/fa5cd3ef20805c63319ef2f32eedee9fd703cb' (205)
2019-09-27 18:19:05: Copy New 'C:/Users/Dr PFR/Documents/GitHub/dsbc2020/bootcamp/.git/objects/52/f1c76ed2e3cecc77f6b2d661eac3bd1ead89a3' -> 'F:/GitHub/bootcamp/.git/objects/52/f1c76ed2e3cecc77f6b2d661eac3bd1ead89a3' (6,554)
2019-09-27 18:19:05: Copy New 'C:/Users/Dr PFR/Documents/GitHub/dsbc2020/bootcamp/.git/objects/52/f41097f9b289688a37593639707b9d44787ee9' -> 'F:/GitHub/bootcamp/.git/objects/52/f41097f9b289688a37593639707b9d44787ee9' (180)
2019-09-27 18:19:05: Copy New 'C:/Users/Dr PFR/Documents/GitHub/dsbc2020/bootcamp/.git/objects/64/244e961f0512efa062e42210a63fb8e6a8e6b1' -> 'F:/GitHub/bootcamp/.git/objects/64/244e961f0512efa062e42210a63fb8e6a8e6b1' (166)
2019-09-27 18:19:05: Copy New 'C:/Users/Dr PFR/Documents/GitHub/dsbc2020/bootcamp/.git/objects/67/20ab47029a33033855f2ec6d82c3e1b9e82371' -> 'F:/GitHub/bootcamp/.git/objects/67/20ab47029a33033855f2ec6d82c3e1b9e82371' (108)
2019-09-27 18:19:05: Copy New 'C:/Users/Dr PFR/Documents/GitHub/dsbc2020/bootcamp/.git/objects/74/8052d28070a7be8ac4f1f2b2a59a4d52ee5ac8' -> 'F:/GitHub/bootcamp/.git/objects/74/8052d28070a7be8ac4f1f2b2a59a4d52ee5ac8' (980)
2019-09-27 18:19:05: Copy New 'C:/Users/Dr PFR/Documents/GitHub/dsbc2020/bootcamp/.git/objects/78/7be2fc7dda98c8ffbf83c08e6cadcf40b214b6' -> 'F:/GitHub/bootcamp/.git/objects/78/7be2fc7dda98c8ffbf83c08e6cadcf40b214b6' (138,364)
2019-09-27 18:19:05: Copy New 'C:/Users/Dr PFR/Documents/GitHub/dsbc2020/bootcamp/.git/objects/79/6b9b02f80cf0d397cbbd7982d116e31b8644c8' -> 'F:/GitHub/bootcamp/.git/objects/79/6b9b02f80cf0d397cbbd7982d116e31b8644c8' (26,421)
2019-09-27 18:19:05: Copy New 'C:/Users/Dr PFR/Documents/GitHub/dsbc2020/bootcamp/.git/objects/83/187b2afcff80f7478182d59feacbdccdd76220' -> 'F:/GitHub/bootcamp/.git/objects/83/187b2afcff80f7478182d59feacbdccdd76220' (138)
2019-09-27 18:19:05: Copy New 'C:/Users/Dr PFR/Documents/GitHub/dsbc2020/bootcamp/.git/objects/87/8f6dcbbf100de6618d161145c50072cbfe2e5d' -> 'F:/GitHub/bootcamp/.git/objects/87/8f6dcbbf100de6618d161145c50072cbfe2e5d' (981)
2019-09-27 18:19:05: Copy New 'C:/Users/Dr PFR/Documents/GitHub/dsbc2020/bootcamp/.git/objects/8e/e884c7b2ef257aec944bd1199dac8221d317d9' -> 'F:/GitHub/bootcamp/.git/objects/8e/e884c7b2ef257aec944bd1199dac8221d317d9' (64,351)
2019-09-27 18:19:05: Copy New 'C:/Users/Dr PFR/Documents/GitHub/dsbc2020/bootcamp/.git/objects/a9/286dd162d0bbf61bc9f5205b9b2f1214e1c06e' -> 'F:/GitHub/bootcamp/.git/objects/a9/286dd162d0bbf61bc9f5205b9b2f1214e1c06e' (7,952)
2019-09-27 18:19:05: Copy New 'C:/Users/Dr PFR/Documents/GitHub/dsbc2020/bootcamp/.git/objects/ac/0e635d8475369158d93b208896ddde0a8972f5' -> 'F:/GitHub/bootcamp/.git/objects/ac/0e635d8475369158d93b208896ddde0a8972f5' (980)
2019-09-27 18:19:05: Copy New 'C:/Users/Dr PFR/Documents/GitHub/dsbc2020/bootcamp/.git/objects/b7/4d8c8c349870005d006450484ec1e1a438cff8' -> 'F:/GitHub/bootcamp/.git/objects/b7/4d8c8c349870005d006450484ec1e1a438cff8' (1,914)
2019-09-27 18:19:05: Copy Over 'C:/Users/Dr PFR/Documents/GitHub/dsbc2020/bootcamp/.git/objects/b9/43703df7f9842d969af73e31950d75ae032e0e' -> 'F:/GitHub/bootcamp/.git/objects/b9/43703df7f9842d969af73e31950d75ae032e0e' (55)
2019-09-27 18:19:05: Copy New 'C:/Users/Dr PFR/Documents/GitHub/dsbc2020/bootcamp/.git/objects/bb/a6c76ede8179612fa1cdd41b4e80dbecbbd2f8' -> 'F:/GitHub/bootcamp/.git/objects/bb/a6c76ede8179612fa1cdd41b4e80dbecbbd2f8' (164)
2019-09-27 18:19:05: Copy New 'C:/Users/Dr PFR/Documents/GitHub/dsbc2020/bootcamp/.git/objects/be/c3b4f31e1cf6a0874ce92afe0d886dbaf981c8' -> 'F:/GitHub/bootcamp/.git/objects/be/c3b4f31e1cf6a0874ce92afe0d886dbaf981c8' (51)
2019-09-27 18:19:05: Copy New 'C:/Users/Dr PFR/Documents/GitHub/dsbc2020/bootcamp/.git/objects/c0/5984623d538120d9ff47744cd49de3941bbb1f' -> 'F:/GitHub/bootcamp/.git/objects/c0/5984623d538120d9ff47744cd49de3941bbb1f' (316)
2019-09-27 18:19:05: Copy New 'C:/Users/Dr PFR/Documents/GitHub/dsbc2020/bootcamp/.git/objects/c3/c05b09715366b78907a7c3edaa012dd436bd20' -> 'F:/GitHub/bootcamp/.git/objects/c3/c05b09715366b78907a7c3edaa012dd436bd20' (111)
2019-09-27 18:19:05: Copy New 'C:/Users/Dr PFR/Documents/GitHub/dsbc2020/bootcamp/.git/objects/c7/a98759a976cb74c307aa1e8f1517dcd6371b86' -> 'F:/GitHub/bootcamp/.git/objects/c7/a98759a976cb74c307aa1e8f1517dcd6371b86' (193)
2019-09-27 18:19:05: Copy New 'C:/Users/Dr PFR/Documents/GitHub/dsbc2020/bootcamp/.git/objects/c8/a58a70389c9164db45711c2cb611fb47009db2' -> 'F:/GitHub/bootcamp/.git/objects/c8/a58a70389c9164db45711c2cb611fb47009db2' (29,134)
2019-09-27 18:19:05: Copy New 'C:/Users/Dr PFR/Documents/GitHub/dsbc2020/bootcamp/.git/objects/ca/fb8cf0fa634e37e7d2ee053bf007ea475a7e41' -> 'F:/GitHub/bootcamp/.git/objects/ca/fb8cf0fa634e37e7d2ee053bf007ea475a7e41' (431,913)
2019-09-27 18:19:05: Copy New 'C:/Users/Dr PFR/Documents/GitHub/dsbc2020/bootcamp/.git/objects/d1/67e44b96c15ba93021cb8e811615a853813a65' -> 'F:/GitHub/bootcamp/.git/objects/d1/67e44b96c15ba93021cb8e811615a853813a65' (316)
2019-09-27 18:19:05: Copy New 'C:/Users/Dr PFR/Documents/GitHub/dsbc2020/bootcamp/.git/objects/e2/da97f82d059c4487a9eadb68d3bc3c541b561e' -> 'F:/GitHub/bootcamp/.git/objects/e2/da97f82d059c4487a9eadb68d3bc3c541b561e' (1,018,343)
2019-09-27 18:19:05: Copy New 'C:/Users/Dr PFR/Documents/GitHub/dsbc2020/bootcamp/.git/objects/f7/1b511201398a12ecbd6faa87094bdfd20cd549' -> 'F:/GitHub/bootcamp/.git/objects/f7/1b511201398a12ecbd6faa87094bdfd20cd549' (55)
2019-09-27 18:19:05: Copy Over 'C:/Users/Dr PFR/Documents/GitHub/dsbc2020/bootcamp/.git/refs/heads/master' -> 'F:/GitHub/bootcamp/.git/refs/heads/master' (41)
2019-09-27 18:19:05: Copy Over 'C:/Users/Dr PFR/Documents/GitHub/dsbc2020/bootcamp/.git/refs/remotes/origin/master' -> 'F:/GitHub/bootcamp/.git/refs/remotes/origin/master' (41)
2019-09-27 18:19:05: Copy New 'C:/Users/Dr PFR/Documents/GitHub/dsbc2020/bootcamp/itinerary/itinerary - D5.pdf' -> 'F:/GitHub/bootcamp/itinerary/itinerary - D5.pdf' (455,466)
2019-09-27 18:19:05: Copy New 'C:/Users/Dr PFR/Documents/GitHub/dsbc2020/bootcamp/media/ML_flow_chart.png' -> 'F:/GitHub/bootcamp/media/ML_flow_chart.png' (104,628)
2019-09-27 18:19:05: Copy New 'C:/Users/Dr PFR/Documents/GitHub/dsbc2020/bootcamp/notebooks/D5_L1_kNeighbors/k-Nearest-Neighbors.ipynb' -> 'F:/GitHub/bootcamp/notebooks/D5_L1_kNeighbors/k-Nearest-Neighbors.ipynb' (5,617)
2019-09-27 18:19:05: Copy New 'C:/Users/Dr PFR/Documents/GitHub/dsbc2020/bootcamp/notebooks/D5_L1_kNeighbors/quiz.txt' -> 'F:/GitHub/bootcamp/notebooks/D5_L1_kNeighbors/quiz.txt' (39)
2019-09-27 18:19:06: Copy New 'C:/Users/Dr PFR/Documents/GitHub/dsbc2020/bootcamp/notebooks/D5_L2_Kernel_Density_Estimation/Kernel-Density-Estimation.ipynb' -> 'F:/GitHub/bootcamp/notebooks/D5_L2_Kernel_Density_Estimation/Kernel-Density-Estimation.ipynb' (19,665)
2019-09-27 18:19:06: Copy New 'C:/Users/Dr PFR/Documents/GitHub/dsbc2020/bootcamp/notebooks/D5_L2_Kernel_Density_Estimation/quiz.txt' -> 'F:/GitHub/bootcamp/notebooks/D5_L2_Kernel_Density_Estimation/quiz.txt' (39)
2019-09-27 18:19:06: Copy New 'C:/Users/Dr PFR/Documents/GitHub/dsbc2020/bootcamp/notebooks/D5_L3_Logistic_Regression/data/titanic.csv' -> 'F:/GitHub/bootcamp/notebooks/D5_L3_Logistic_Regression/data/titanic.csv' (85,153)
2019-09-27 18:19:06: Copy New 'C:/Users/Dr PFR/Documents/GitHub/dsbc2020/bootcamp/notebooks/D5_L3_Logistic_Regression/figures/logistic.jpg' -> 'F:/GitHub/bootcamp/notebooks/D5_L3_Logistic_Regression/figures/logistic.jpg' (65,946)
2019-09-27 18:19:06: Copy New 'C:/Users/Dr PFR/Documents/GitHub/dsbc2020/bootcamp/notebooks/D5_L3_Logistic_Regression/figures/metrics.jpg' -> 'F:/GitHub/bootcamp/notebooks/D5_L3_Logistic_Regression/figures/metrics.jpg' (30,849)
2019-09-27 18:19:06: Copy New 'C:/Users/Dr PFR/Documents/GitHub/dsbc2020/bootcamp/notebooks/D5_L3_Logistic_Regression/Logistic_Regression.ipynb' -> 'F:/GitHub/bootcamp/notebooks/D5_L3_Logistic_Regression/Logistic_Regression.ipynb' (26,447)
2019-09-27 18:19:06: Copy New 'C:/Users/Dr PFR/Documents/GitHub/dsbc2020/bootcamp/notebooks/D5_L3_Logistic_Regression/quiz.txt' -> 'F:/GitHub/bootcamp/notebooks/D5_L3_Logistic_Regression/quiz.txt' (39)
2019-09-27 18:19:06: Copy New 'C:/Users/Dr PFR/Documents/GitHub/dsbc2020/bootcamp/notebooks/D5_L4_Artificial_Neural_Network/Artificial_Neural_Network.ipynb' -> 'F:/GitHub/bootcamp/notebooks/D5_L4_Artificial_Neural_Network/Artificial_Neural_Network.ipynb' (20,138)
2019-09-27 18:19:06: Copy New 'C:/Users/Dr PFR/Documents/GitHub/dsbc2020/bootcamp/notebooks/D5_L4_Artificial_Neural_Network/figures/nn.png' -> 'F:/GitHub/bootcamp/notebooks/D5_L4_Artificial_Neural_Network/figures/nn.png' (141,831)
2019-09-27 18:19:06: Copy New 'C:/Users/Dr PFR/Documents/GitHub/dsbc2020/bootcamp/notebooks/D5_L4_Artificial_Neural_Network/Neural_Networks-A_Conceptual_Approach.pdf' -> 'F:/GitHub/bootcamp/notebooks/D5_L4_Artificial_Neural_Network/Neural_Networks-A_Conceptual_Approach.pdf' (1,130,243)
2019-09-27 18:19:06: Copy New 'C:/Users/Dr PFR/Documents/GitHub/dsbc2020/bootcamp/notebooks/D5_L4_Artificial_Neural_Network/quiz.txt' -> 'F:/GitHub/bootcamp/notebooks/D5_L4_Artificial_Neural_Network/quiz.txt' (39)
2019-09-27 18:19:06: == Sync Complete. Time: 00:00:02, Speed: 2.15 MB/s, OK: 75, Errors: 0
2019-09-27 18:19:06: 
